{
  "uid" : "befec6e8f163e943",
  "name" : "checkGraphPageTryEditorLinkswithInvalidCodeTest",
  "fullName" : "testcases.graphtest.checkGraphPageTryEditorLinkswithInvalidCodeTest",
  "historyId" : "d145847d4ea9f40bd63b35e6a65be94b",
  "time" : {
    "start" : 1736737674184,
    "stop" : 1736737674195,
    "duration" : 11
  },
  "status" : "skipped",
  "statusMessage" : "org.apache.poi.openxml4j.exceptions.OpenXML4JRuntimeException: Fail to save: an error occurs while saving the package : The part /xl/worksheets/sheet8.xml failed to be saved in the stream with marshaller org.apache.poi.openxml4j.opc.internal.marshallers.DefaultMarshaller@3a7e0123. Enable logging via Log4j 2 for more details.",
  "statusTrace" : "java.lang.RuntimeException: org.apache.poi.openxml4j.exceptions.OpenXML4JRuntimeException: Fail to save: an error occurs while saving the package : The part /xl/worksheets/sheet8.xml failed to be saved in the stream with marshaller org.apache.poi.openxml4j.opc.internal.marshallers.DefaultMarshaller@3a7e0123. Enable logging via Log4j 2 for more details.\r\n\tat org.testng.internal.MethodInvocationHelper.invokeMethodNoCheckedException(MethodInvocationHelper.java:50)\r\n\tat org.testng.internal.MethodInvocationHelper.invokeDataProvider(MethodInvocationHelper.java:146)\r\n\tat org.testng.internal.Parameters.handleParameters(Parameters.java:798)\r\n\tat org.testng.internal.Parameters.handleParameters(Parameters.java:740)\r\n\tat org.testng.internal.ParameterHandler.handleParameters(ParameterHandler.java:59)\r\n\tat org.testng.internal.ParameterHandler.createParameters(ParameterHandler.java:38)\r\n\tat org.testng.internal.TestInvoker$MethodInvocationAgent.invoke(TestInvoker.java:791)\r\n\tat org.testng.internal.TestInvoker.invokeTestMethods(TestInvoker.java:146)\r\n\tat org.testng.internal.TestMethodWorker.invokeTestMethods(TestMethodWorker.java:146)\r\n\tat org.testng.internal.TestMethodWorker.run(TestMethodWorker.java:128)\r\n\tat java.base/java.util.concurrent.ThreadPoolExecutor.runWorker(ThreadPoolExecutor.java:1144)\r\n\tat java.base/java.util.concurrent.ThreadPoolExecutor$Worker.run(ThreadPoolExecutor.java:642)\r\n\tat java.base/java.lang.Thread.run(Thread.java:1623)\r\nCaused by: org.apache.poi.openxml4j.exceptions.OpenXML4JRuntimeException: Fail to save: an error occurs while saving the package : The part /xl/worksheets/sheet8.xml failed to be saved in the stream with marshaller org.apache.poi.openxml4j.opc.internal.marshallers.DefaultMarshaller@3a7e0123. Enable logging via Log4j 2 for more details.\r\n\tat org.apache.poi.openxml4j.opc.ZipPackage.saveImpl(ZipPackage.java:604)\r\n\tat org.apache.poi.openxml4j.opc.OPCPackage.save(OPCPackage.java:1531)\r\n\tat org.apache.poi.openxml4j.opc.OPCPackage.save(OPCPackage.java:1518)\r\n\tat org.apache.poi.openxml4j.opc.ZipPackage.closeImpl(ZipPackage.java:476)\r\n\tat org.apache.poi.openxml4j.opc.OPCPackage.close(OPCPackage.java:502)\r\n\tat org.apache.poi.ooxml.POIXMLDocument.close(POIXMLDocument.java:189)\r\n\tat org.apache.poi.xssf.usermodel.XSSFWorkbook.close(XSSFWorkbook.java:642)\r\n\tat DataProvider.ExcelReader.getData(ExcelReader.java:23)\r\n\tat testcases.graphtest.Graph(graphtest.java:54)\r\n\tat java.base/jdk.internal.reflect.DirectMethodHandleAccessor.invoke(DirectMethodHandleAccessor.java:104)\r\n\tat java.base/java.lang.reflect.Method.invoke(Method.java:578)\r\n\tat org.testng.internal.MethodInvocationHelper.invokeMethod(MethodInvocationHelper.java:133)\r\n\tat org.testng.internal.MethodInvocationHelper.invokeMethod(MethodInvocationHelper.java:77)\r\n\tat org.testng.internal.MethodInvocationHelper.invokeMethodNoCheckedException(MethodInvocationHelper.java:46)\r\n\t... 12 more\r\nCaused by: org.apache.poi.openxml4j.exceptions.OpenXML4JException: The part /xl/worksheets/sheet8.xml failed to be saved in the stream with marshaller org.apache.poi.openxml4j.opc.internal.marshallers.DefaultMarshaller@3a7e0123. Enable logging via Log4j 2 for more details.\r\n\tat org.apache.poi.openxml4j.opc.ZipPackage.saveImpl(ZipPackage.java:593)\r\n\t... 25 more\r\n",
  "flaky" : false,
  "newFailed" : false,
  "beforeStages" : [ ],
  "afterStages" : [ ],
  "labels" : [ {
    "name" : "package",
    "value" : "testcases.graphtest"
  }, {
    "name" : "testClass",
    "value" : "testcases.graphtest"
  }, {
    "name" : "testMethod",
    "value" : "checkGraphPageTryEditorLinkswithInvalidCodeTest"
  }, {
    "name" : "parentSuite",
    "value" : "DsAlgo-testngsuite"
  }, {
    "name" : "suite",
    "value" : "EdgeTest"
  }, {
    "name" : "subSuite",
    "value" : "testcases.graphtest"
  }, {
    "name" : "host",
    "value" : "LAPTOP-39NIES78"
  }, {
    "name" : "thread",
    "value" : "57012@LAPTOP-39NIES78.TestNG-test=EdgeTest-3(34)"
  }, {
    "name" : "framework",
    "value" : "testng"
  }, {
    "name" : "language",
    "value" : "java"
  }, {
    "name" : "resultFormat",
    "value" : "allure2"
  } ],
  "parameters" : [ {
    "name" : "browser",
    "value" : "edge"
  } ],
  "links" : [ ],
  "hidden" : false,
  "retry" : false,
  "extra" : {
    "severity" : "normal",
    "retries" : [ {
      "uid" : "ed206fb917ba74f1",
      "status" : "skipped",
      "statusDetails" : "no such window: target window already closed\nfrom unknown error: web view not found\n  (Session info: MicrosoftEdge=131.0.2903.112)\nBuild info: version: '4.27.0', revision: 'd6e718d134'\nSystem info: os.name: 'Windows 10', os.arch: 'amd64', os.version: '10.0', java.version: '20.0.2'\nDriver info: org.openqa.selenium.edge.EdgeDriver\nCommand: [ac98f9720eadb8b852426c52901ddf22, findElement {value=//a[@href='graph'], using=xpath}]\nCapabilities {acceptInsecureCerts: false, browserName: MicrosoftEdge, browserVersion: 131.0.2903.112, fedcm:accounts: true, ms:edgeOptions: {debuggerAddress: localhost:62624}, msedge: {msedgedriverVersion: 131.0.2903.146 (99fcb90c1ee..., userDataDir: C:\\Users\\SMILE\\AppData\\Loca...}, networkConnectionEnabled: false, pageLoadStrategy: normal, platformName: windows, proxy: Proxy(), se:cdp: ws://localhost:62624/devtoo..., se:cdpVersion: 131.0.2903.112, setWindowRect: true, strictFileInteractability: false, timeouts: {implicit: 0, pageLoad: 300000, script: 30000}, unhandledPromptBehavior: dismiss and notify, webauthn:extension:credBlob: true, webauthn:extension:largeBlob: true, webauthn:extension:minPinLength: true, webauthn:extension:prf: true, webauthn:virtualAuthenticators: true}\nSession ID: ac98f9720eadb8b852426c52901ddf22",
      "time" : {
        "start" : 1736737642820,
        "stop" : 1736737642821,
        "duration" : 1
      }
    }, {
      "uid" : "575c5aa1b7a6a2a0",
      "status" : "skipped",
      "statusDetails" : "no such window: target window already closed\nfrom unknown error: web view not found\n  (Session info: MicrosoftEdge=131.0.2903.112)\nBuild info: version: '4.27.0', revision: 'd6e718d134'\nSystem info: os.name: 'Windows 10', os.arch: 'amd64', os.version: '10.0', java.version: '20.0.2'\nDriver info: org.openqa.selenium.edge.EdgeDriver\nCommand: [ac98f9720eadb8b852426c52901ddf22, findElement {value=//a[@href='graph'], using=xpath}]\nCapabilities {acceptInsecureCerts: false, browserName: MicrosoftEdge, browserVersion: 131.0.2903.112, fedcm:accounts: true, ms:edgeOptions: {debuggerAddress: localhost:62624}, msedge: {msedgedriverVersion: 131.0.2903.146 (99fcb90c1ee..., userDataDir: C:\\Users\\SMILE\\AppData\\Loca...}, networkConnectionEnabled: false, pageLoadStrategy: normal, platformName: windows, proxy: Proxy(), se:cdp: ws://localhost:62624/devtoo..., se:cdpVersion: 131.0.2903.112, setWindowRect: true, strictFileInteractability: false, timeouts: {implicit: 0, pageLoad: 300000, script: 30000}, unhandledPromptBehavior: dismiss and notify, webauthn:extension:credBlob: true, webauthn:extension:largeBlob: true, webauthn:extension:minPinLength: true, webauthn:extension:prf: true, webauthn:virtualAuthenticators: true}\nSession ID: ac98f9720eadb8b852426c52901ddf22",
      "time" : {
        "start" : 1736737642804,
        "stop" : 1736737642807,
        "duration" : 3
      }
    }, {
      "uid" : "20d26c7e9c1662cc",
      "status" : "skipped",
      "statusDetails" : "no such window: target window already closed\nfrom unknown error: web view not found\n  (Session info: MicrosoftEdge=131.0.2903.112)\nBuild info: version: '4.27.0', revision: 'd6e718d134'\nSystem info: os.name: 'Windows 10', os.arch: 'amd64', os.version: '10.0', java.version: '20.0.2'\nDriver info: org.openqa.selenium.edge.EdgeDriver\nCommand: [ac98f9720eadb8b852426c52901ddf22, findElement {value=//a[@href='graph'], using=xpath}]\nCapabilities {acceptInsecureCerts: false, browserName: MicrosoftEdge, browserVersion: 131.0.2903.112, fedcm:accounts: true, ms:edgeOptions: {debuggerAddress: localhost:62624}, msedge: {msedgedriverVersion: 131.0.2903.146 (99fcb90c1ee..., userDataDir: C:\\Users\\SMILE\\AppData\\Loca...}, networkConnectionEnabled: false, pageLoadStrategy: normal, platformName: windows, proxy: Proxy(), se:cdp: ws://localhost:62624/devtoo..., se:cdpVersion: 131.0.2903.112, setWindowRect: true, strictFileInteractability: false, timeouts: {implicit: 0, pageLoad: 300000, script: 30000}, unhandledPromptBehavior: dismiss and notify, webauthn:extension:credBlob: true, webauthn:extension:largeBlob: true, webauthn:extension:minPinLength: true, webauthn:extension:prf: true, webauthn:virtualAuthenticators: true}\nSession ID: ac98f9720eadb8b852426c52901ddf22",
      "time" : {
        "start" : 1736737642782,
        "stop" : 1736737642784,
        "duration" : 2
      }
    } ],
    "categories" : [ ],
    "tags" : [ ]
  },
  "source" : "befec6e8f163e943.json",
  "parameterValues" : [ "edge" ]
}